{"C:\\Users\\Pinha-Empresa\\Documents\\GitHub\\Desafio_Agendamento_DeAulas\\src\\controllers\\instructor.ts": {"path":"C:\\Users\\Pinha-Empresa\\Documents\\GitHub\\Desafio_Agendamento_DeAulas\\src\\controllers\\instructor.ts","statementMap":{"0":{"start":{"line":2,"column":0},"end":{"line":2,"column":55}},"1":{"start":{"line":3,"column":0},"end":{"line":3,"column":48}},"2":{"start":{"line":4,"column":0},"end":{"line":4,"column":32}},"3":{"start":{"line":7,"column":33},"end":{"line":23,"column":2}},"4":{"start":{"line":11,"column":4},"end":{"line":23,"column":2}},"5":{"start":{"line":12,"column":22},"end":{"line":12,"column":52}},"6":{"start":{"line":14,"column":2},"end":{"line":20,"column":null}},"7":{"start":{"line":15,"column":4},"end":{"line":19,"column":6}},"8":{"start":{"line":22,"column":2},"end":{"line":22,"column":51}},"9":{"start":{"line":7,"column":13},"end":{"line":7,"column":33}},"10":{"start":{"line":26,"column":35},"end":{"line":53,"column":2}},"11":{"start":{"line":30,"column":4},"end":{"line":53,"column":2}},"12":{"start":{"line":31,"column":31},"end":{"line":31,"column":41}},"13":{"start":{"line":33,"column":2},"end":{"line":38,"column":null}},"14":{"start":{"line":34,"column":4},"end":{"line":36,"column":55}},"15":{"start":{"line":37,"column":4},"end":{"line":37,"column":16}},"16":{"start":{"line":40,"column":21},"end":{"line":42,"column":4}},"17":{"start":{"line":44,"column":2},"end":{"line":50,"column":null}},"18":{"start":{"line":45,"column":4},"end":{"line":49,"column":6}},"19":{"start":{"line":52,"column":2},"end":{"line":52,"column":50}},"20":{"start":{"line":26,"column":13},"end":{"line":26,"column":35}},"21":{"start":{"line":56,"column":32},"end":{"line":84,"column":2}},"22":{"start":{"line":60,"column":4},"end":{"line":84,"column":2}},"23":{"start":{"line":61,"column":61},"end":{"line":61,"column":69}},"24":{"start":{"line":63,"column":2},"end":{"line":67,"column":null}},"25":{"start":{"line":64,"column":4},"end":{"line":66,"column":6}},"26":{"start":{"line":69,"column":29},"end":{"line":69,"column":69}},"27":{"start":{"line":70,"column":2},"end":{"line":74,"column":null}},"28":{"start":{"line":71,"column":4},"end":{"line":73,"column":6}},"29":{"start":{"line":75,"column":21},"end":{"line":82,"column":4}},"30":{"start":{"line":83,"column":2},"end":{"line":83,"column":55}},"31":{"start":{"line":56,"column":13},"end":{"line":56,"column":32}},"32":{"start":{"line":87,"column":32},"end":{"line":115,"column":2}},"33":{"start":{"line":91,"column":4},"end":{"line":115,"column":2}},"34":{"start":{"line":92,"column":31},"end":{"line":92,"column":41}},"35":{"start":{"line":94,"column":19},"end":{"line":94,"column":71}},"36":{"start":{"line":95,"column":2},"end":{"line":101,"column":null}},"37":{"start":{"line":96,"column":4},"end":{"line":100,"column":6}},"38":{"start":{"line":103,"column":2},"end":{"line":112,"column":4}},"39":{"start":{"line":114,"column":2},"end":{"line":114,"column":50}},"40":{"start":{"line":87,"column":13},"end":{"line":87,"column":32}},"41":{"start":{"line":118,"column":32},"end":{"line":133,"column":2}},"42":{"start":{"line":122,"column":4},"end":{"line":133,"column":2}},"43":{"start":{"line":123,"column":31},"end":{"line":123,"column":41}},"44":{"start":{"line":124,"column":21},"end":{"line":124,"column":74}},"45":{"start":{"line":125,"column":2},"end":{"line":131,"column":null}},"46":{"start":{"line":126,"column":4},"end":{"line":130,"column":6}},"47":{"start":{"line":132,"column":2},"end":{"line":132,"column":46}},"48":{"start":{"line":118,"column":13},"end":{"line":118,"column":32}}},"fnMap":{"0":{"name":"(anonymous_8)","decl":{"start":{"line":7,"column":33},"end":{"line":7,"column":null}},"loc":{"start":{"line":11,"column":4},"end":{"line":23,"column":2}}},"1":{"name":"(anonymous_9)","decl":{"start":{"line":11,"column":4},"end":{"line":11,"column":null}},"loc":{"start":{"line":11,"column":4},"end":{"line":23,"column":1}}},"2":{"name":"(anonymous_10)","decl":{"start":{"line":26,"column":35},"end":{"line":26,"column":null}},"loc":{"start":{"line":30,"column":4},"end":{"line":53,"column":2}}},"3":{"name":"(anonymous_11)","decl":{"start":{"line":30,"column":4},"end":{"line":30,"column":null}},"loc":{"start":{"line":30,"column":4},"end":{"line":53,"column":1}}},"4":{"name":"(anonymous_12)","decl":{"start":{"line":56,"column":32},"end":{"line":56,"column":null}},"loc":{"start":{"line":60,"column":4},"end":{"line":84,"column":2}}},"5":{"name":"(anonymous_13)","decl":{"start":{"line":60,"column":4},"end":{"line":60,"column":null}},"loc":{"start":{"line":60,"column":4},"end":{"line":84,"column":1}}},"6":{"name":"(anonymous_14)","decl":{"start":{"line":87,"column":32},"end":{"line":87,"column":null}},"loc":{"start":{"line":91,"column":4},"end":{"line":115,"column":2}}},"7":{"name":"(anonymous_15)","decl":{"start":{"line":91,"column":4},"end":{"line":91,"column":null}},"loc":{"start":{"line":91,"column":4},"end":{"line":115,"column":1}}},"8":{"name":"(anonymous_16)","decl":{"start":{"line":118,"column":32},"end":{"line":118,"column":null}},"loc":{"start":{"line":122,"column":4},"end":{"line":133,"column":2}}},"9":{"name":"(anonymous_17)","decl":{"start":{"line":122,"column":4},"end":{"line":122,"column":null}},"loc":{"start":{"line":122,"column":4},"end":{"line":133,"column":1}}}},"branchMap":{"0":{"loc":{"start":{"line":14,"column":2},"end":{"line":20,"column":null}},"type":"if","locations":[{"start":{"line":14,"column":2},"end":{"line":20,"column":null}}]},"1":{"loc":{"start":{"line":33,"column":2},"end":{"line":38,"column":null}},"type":"if","locations":[{"start":{"line":33,"column":2},"end":{"line":38,"column":null}}]},"2":{"loc":{"start":{"line":44,"column":2},"end":{"line":50,"column":null}},"type":"if","locations":[{"start":{"line":44,"column":2},"end":{"line":50,"column":null}}]},"3":{"loc":{"start":{"line":63,"column":2},"end":{"line":67,"column":null}},"type":"if","locations":[{"start":{"line":63,"column":2},"end":{"line":67,"column":null}}]},"4":{"loc":{"start":{"line":63,"column":6},"end":{"line":63,"column":65}},"type":"binary-expr","locations":[{"start":{"line":63,"column":6},"end":{"line":63,"column":11}},{"start":{"line":63,"column":15},"end":{"line":63,"column":21}},{"start":{"line":63,"column":25},"end":{"line":63,"column":34}},{"start":{"line":63,"column":38},"end":{"line":63,"column":48}},{"start":{"line":63,"column":52},"end":{"line":63,"column":65}}]},"5":{"loc":{"start":{"line":70,"column":2},"end":{"line":74,"column":null}},"type":"if","locations":[{"start":{"line":70,"column":2},"end":{"line":74,"column":null}}]},"6":{"loc":{"start":{"line":95,"column":2},"end":{"line":101,"column":null}},"type":"if","locations":[{"start":{"line":95,"column":2},"end":{"line":101,"column":null}}]},"7":{"loc":{"start":{"line":125,"column":2},"end":{"line":131,"column":null}},"type":"if","locations":[{"start":{"line":125,"column":2},"end":{"line":131,"column":null}}]}},"s":{"0":1,"1":1,"2":1,"3":1,"4":2,"5":2,"6":2,"7":1,"8":1,"9":1,"10":1,"11":3,"12":3,"13":3,"14":1,"15":1,"16":2,"17":2,"18":1,"19":1,"20":1,"21":1,"22":3,"23":3,"24":3,"25":1,"26":2,"27":2,"28":1,"29":1,"30":1,"31":1,"32":1,"33":3,"34":3,"35":3,"36":3,"37":1,"38":2,"39":2,"40":1,"41":1,"42":2,"43":2,"44":2,"45":2,"46":1,"47":1,"48":1},"f":{"0":2,"1":2,"2":3,"3":3,"4":3,"5":3,"6":3,"7":3,"8":2,"9":2},"b":{"0":[1],"1":[1],"2":[1],"3":[1],"4":[3,2,2,2,2],"5":[1],"6":[1],"7":[1]}}
,"C:\\Users\\Pinha-Empresa\\Documents\\GitHub\\Desafio_Agendamento_DeAulas\\src\\controllers\\main.ts": {"path":"C:\\Users\\Pinha-Empresa\\Documents\\GitHub\\Desafio_Agendamento_DeAulas\\src\\controllers\\main.ts","statementMap":{"0":{"start":{"line":1,"column":0},"end":{"line":1,"column":31}},"1":{"start":{"line":3,"column":0},"end":{"line":3,"column":48}},"2":{"start":{"line":4,"column":0},"end":{"line":4,"column":49}},"3":{"start":{"line":5,"column":0},"end":{"line":5,"column":55}},"4":{"start":{"line":8,"column":15},"end":{"line":10,"column":70}},"5":{"start":{"line":14,"column":30},"end":{"line":14,"column":38}},"6":{"start":{"line":16,"column":2},"end":{"line":18,"column":null}},"7":{"start":{"line":17,"column":4},"end":{"line":17,"column":58}},"8":{"start":{"line":20,"column":18},"end":{"line":20,"column":62}},"9":{"start":{"line":22,"column":2},"end":{"line":24,"column":null}},"10":{"start":{"line":23,"column":4},"end":{"line":23,"column":44}},"11":{"start":{"line":26,"column":24},"end":{"line":26,"column":63}},"12":{"start":{"line":28,"column":2},"end":{"line":30,"column":null}},"13":{"start":{"line":29,"column":4},"end":{"line":29,"column":44}},"14":{"start":{"line":32,"column":13},"end":{"line":32,"column":24}},"15":{"start":{"line":33,"column":15},"end":{"line":33,"column":27}},"16":{"start":{"line":34,"column":15},"end":{"line":34,"column":27}},"17":{"start":{"line":36,"column":16},"end":{"line":38,"column":4}},"18":{"start":{"line":40,"column":2},"end":{"line":40,"column":80}},"19":{"start":{"line":74,"column":26},"end":{"line":74,"column":38}},"20":{"start":{"line":45,"column":30},"end":{"line":45,"column":38}},"21":{"start":{"line":47,"column":2},"end":{"line":49,"column":null}},"22":{"start":{"line":48,"column":4},"end":{"line":48,"column":58}},"23":{"start":{"line":51,"column":21},"end":{"line":51,"column":68}},"24":{"start":{"line":53,"column":2},"end":{"line":55,"column":null}},"25":{"start":{"line":54,"column":4},"end":{"line":54,"column":44}},"26":{"start":{"line":57,"column":24},"end":{"line":57,"column":66}},"27":{"start":{"line":59,"column":2},"end":{"line":61,"column":null}},"28":{"start":{"line":60,"column":4},"end":{"line":60,"column":44}},"29":{"start":{"line":63,"column":13},"end":{"line":63,"column":27}},"30":{"start":{"line":64,"column":15},"end":{"line":64,"column":30}},"31":{"start":{"line":65,"column":15},"end":{"line":65,"column":30}},"32":{"start":{"line":67,"column":16},"end":{"line":67,"column":74}},"33":{"start":{"line":69,"column":2},"end":{"line":71,"column":62}},"34":{"start":{"line":74,"column":9},"end":{"line":74,"column":24}}},"fnMap":{"0":{"name":"loginStudent","decl":{"start":{"line":13,"column":15},"end":{"line":13,"column":27}},"loc":{"start":{"line":13,"column":55},"end":{"line":41,"column":null}}},"1":{"name":"loginInstructor","decl":{"start":{"line":44,"column":15},"end":{"line":44,"column":30}},"loc":{"start":{"line":44,"column":58},"end":{"line":72,"column":null}}}},"branchMap":{"0":{"loc":{"start":{"line":8,"column":15},"end":{"line":10,"column":70}},"type":"cond-expr","locations":[{"start":{"line":9,"column":4},"end":{"line":9,"column":26}},{"start":{"line":10,"column":4},"end":{"line":10,"column":70}}]},"1":{"loc":{"start":{"line":16,"column":2},"end":{"line":18,"column":null}},"type":"if","locations":[{"start":{"line":16,"column":2},"end":{"line":18,"column":null}}]},"2":{"loc":{"start":{"line":16,"column":6},"end":{"line":16,"column":25}},"type":"binary-expr","locations":[{"start":{"line":16,"column":6},"end":{"line":16,"column":12}},{"start":{"line":16,"column":16},"end":{"line":16,"column":25}}]},"3":{"loc":{"start":{"line":22,"column":2},"end":{"line":24,"column":null}},"type":"if","locations":[{"start":{"line":22,"column":2},"end":{"line":24,"column":null}}]},"4":{"loc":{"start":{"line":28,"column":2},"end":{"line":30,"column":null}},"type":"if","locations":[{"start":{"line":28,"column":2},"end":{"line":30,"column":null}}]},"5":{"loc":{"start":{"line":47,"column":2},"end":{"line":49,"column":null}},"type":"if","locations":[{"start":{"line":47,"column":2},"end":{"line":49,"column":null}}]},"6":{"loc":{"start":{"line":47,"column":6},"end":{"line":47,"column":25}},"type":"binary-expr","locations":[{"start":{"line":47,"column":6},"end":{"line":47,"column":12}},{"start":{"line":47,"column":16},"end":{"line":47,"column":25}}]},"7":{"loc":{"start":{"line":53,"column":2},"end":{"line":55,"column":null}},"type":"if","locations":[{"start":{"line":53,"column":2},"end":{"line":55,"column":null}}]},"8":{"loc":{"start":{"line":59,"column":2},"end":{"line":61,"column":null}},"type":"if","locations":[{"start":{"line":59,"column":2},"end":{"line":61,"column":null}}]}},"s":{"0":0,"1":0,"2":0,"3":0,"4":0,"5":0,"6":0,"7":0,"8":0,"9":0,"10":0,"11":0,"12":0,"13":0,"14":0,"15":0,"16":0,"17":0,"18":0,"19":0,"20":0,"21":0,"22":0,"23":0,"24":0,"25":0,"26":0,"27":0,"28":0,"29":0,"30":0,"31":0,"32":0,"33":0,"34":0},"f":{"0":0,"1":0},"b":{"0":[0,0],"1":[0],"2":[0,0],"3":[0],"4":[0],"5":[0],"6":[0,0],"7":[0],"8":[0]}}
,"C:\\Users\\Pinha-Empresa\\Documents\\GitHub\\Desafio_Agendamento_DeAulas\\src\\controllers\\scheduling.ts": {"path":"C:\\Users\\Pinha-Empresa\\Documents\\GitHub\\Desafio_Agendamento_DeAulas\\src\\controllers\\scheduling.ts","statementMap":{"0":{"start":{"line":1,"column":0},"end":{"line":1,"column":48}},"1":{"start":{"line":2,"column":0},"end":{"line":2,"column":55}},"2":{"start":{"line":3,"column":0},"end":{"line":3,"column":55}},"3":{"start":{"line":5,"column":0},"end":{"line":5,"column":37}},"4":{"start":{"line":8,"column":30},"end":{"line":8,"column":35}},"5":{"start":{"line":9,"column":2},"end":{"line":14,"column":5}},"6":{"start":{"line":10,"column":4},"end":{"line":12,"column":null}},"7":{"start":{"line":11,"column":6},"end":{"line":11,"column":27}},"8":{"start":{"line":13,"column":4},"end":{"line":13,"column":24}},"9":{"start":{"line":15,"column":2},"end":{"line":15,"column":22}},"10":{"start":{"line":19,"column":30},"end":{"line":19,"column":35}},"11":{"start":{"line":20,"column":2},"end":{"line":25,"column":5}},"12":{"start":{"line":21,"column":4},"end":{"line":23,"column":null}},"13":{"start":{"line":22,"column":6},"end":{"line":22,"column":27}},"14":{"start":{"line":24,"column":4},"end":{"line":24,"column":24}},"15":{"start":{"line":26,"column":2},"end":{"line":26,"column":22}},"16":{"start":{"line":30,"column":2},"end":{"line":30,"column":33}},"17":{"start":{"line":34,"column":52},"end":{"line":34,"column":60}},"18":{"start":{"line":35,"column":21},"end":{"line":37,"column":4}},"19":{"start":{"line":39,"column":2},"end":{"line":42,"column":null}},"20":{"start":{"line":40,"column":4},"end":{"line":40,"column":77}},"21":{"start":{"line":41,"column":4},"end":{"line":41,"column":11}},"22":{"start":{"line":45,"column":2},"end":{"line":45,"column":47}},"23":{"start":{"line":47,"column":2},"end":{"line":56,"column":null}},"24":{"start":{"line":51,"column":21},"end":{"line":51,"column":66}},"25":{"start":{"line":52,"column":4},"end":{"line":52,"column":55}},"26":{"start":{"line":54,"column":4},"end":{"line":54,"column":58}},"27":{"start":{"line":55,"column":4},"end":{"line":55,"column":11}},"28":{"start":{"line":96,"column":9},"end":{"line":96,"column":23}},"29":{"start":{"line":62,"column":29},"end":{"line":62,"column":39}},"30":{"start":{"line":64,"column":19},"end":{"line":67,"column":null}},"31":{"start":{"line":71,"column":2},"end":{"line":76,"column":null}},"32":{"start":{"line":72,"column":4},"end":{"line":74,"column":51}},"33":{"start":{"line":75,"column":4},"end":{"line":75,"column":11}},"34":{"start":{"line":77,"column":2},"end":{"line":77,"column":48}},"35":{"start":{"line":96,"column":25},"end":{"line":96,"column":39}},"36":{"start":{"line":83,"column":29},"end":{"line":83,"column":39}},"37":{"start":{"line":84,"column":19},"end":{"line":84,"column":70}},"38":{"start":{"line":86,"column":2},"end":{"line":91,"column":null}},"39":{"start":{"line":87,"column":4},"end":{"line":89,"column":68}},"40":{"start":{"line":90,"column":4},"end":{"line":90,"column":36}},"41":{"start":{"line":93,"column":2},"end":{"line":93,"column":76}},"42":{"start":{"line":96,"column":41},"end":{"line":96,"column":55}}},"fnMap":{"0":{"name":"verifyHours","decl":{"start":{"line":7,"column":9},"end":{"line":7,"column":20}},"loc":{"start":{"line":7,"column":65},"end":{"line":16,"column":1}}},"1":{"name":"(anonymous_8)","decl":{"start":{"line":9,"column":23},"end":{"line":9,"column":24}},"loc":{"start":{"line":9,"column":40},"end":{"line":14,"column":3}}},"2":{"name":"verifysubject","decl":{"start":{"line":18,"column":9},"end":{"line":18,"column":22}},"loc":{"start":{"line":18,"column":59},"end":{"line":27,"column":1}}},"3":{"name":"(anonymous_10)","decl":{"start":{"line":20,"column":20},"end":{"line":20,"column":21}},"loc":{"start":{"line":20,"column":46},"end":{"line":25,"column":3}}},"4":{"name":"createBufferFromString","decl":{"start":{"line":29,"column":9},"end":{"line":29,"column":31}},"loc":{"start":{"line":29,"column":50},"end":{"line":31,"column":1}}},"5":{"name":"createSchedule","decl":{"start":{"line":33,"column":15},"end":{"line":33,"column":29}},"loc":{"start":{"line":33,"column":77},"end":{"line":57,"column":null}}},"6":{"name":"updateSchedule","decl":{"start":{"line":61,"column":15},"end":{"line":61,"column":29}},"loc":{"start":{"line":61,"column":77},"end":{"line":78,"column":null}}},"7":{"name":"deleteSchedule","decl":{"start":{"line":82,"column":15},"end":{"line":82,"column":29}},"loc":{"start":{"line":82,"column":77},"end":{"line":94,"column":null}}}},"branchMap":{"0":{"loc":{"start":{"line":10,"column":4},"end":{"line":12,"column":null}},"type":"if","locations":[{"start":{"line":10,"column":4},"end":{"line":12,"column":null}}]},"1":{"loc":{"start":{"line":21,"column":4},"end":{"line":23,"column":null}},"type":"if","locations":[{"start":{"line":21,"column":4},"end":{"line":23,"column":null}}]},"2":{"loc":{"start":{"line":39,"column":2},"end":{"line":42,"column":null}},"type":"if","locations":[{"start":{"line":39,"column":2},"end":{"line":42,"column":null}}]},"3":{"loc":{"start":{"line":47,"column":2},"end":{"line":56,"column":null}},"type":"if","locations":[{"start":{"line":47,"column":2},"end":{"line":56,"column":null}},{"start":{"line":53,"column":9},"end":{"line":56,"column":null}}]},"4":{"loc":{"start":{"line":48,"column":4},"end":{"line":49,"column":48}},"type":"binary-expr","locations":[{"start":{"line":48,"column":4},"end":{"line":48,"column":46}},{"start":{"line":49,"column":4},"end":{"line":49,"column":48}}]},"5":{"loc":{"start":{"line":71,"column":2},"end":{"line":76,"column":null}},"type":"if","locations":[{"start":{"line":71,"column":2},"end":{"line":76,"column":null}}]},"6":{"loc":{"start":{"line":86,"column":2},"end":{"line":91,"column":null}},"type":"if","locations":[{"start":{"line":86,"column":2},"end":{"line":91,"column":null}}]}},"s":{"0":0,"1":0,"2":0,"3":0,"4":0,"5":0,"6":0,"7":0,"8":0,"9":0,"10":0,"11":0,"12":0,"13":0,"14":0,"15":0,"16":0,"17":0,"18":0,"19":0,"20":0,"21":0,"22":0,"23":0,"24":0,"25":0,"26":0,"27":0,"28":0,"29":0,"30":0,"31":0,"32":0,"33":0,"34":0,"35":0,"36":0,"37":0,"38":0,"39":0,"40":0,"41":0,"42":0},"f":{"0":0,"1":0,"2":0,"3":0,"4":0,"5":0,"6":0,"7":0},"b":{"0":[0],"1":[0],"2":[0],"3":[0,0],"4":[0,0],"5":[0],"6":[0]}}
,"C:\\Users\\Pinha-Empresa\\Documents\\GitHub\\Desafio_Agendamento_DeAulas\\src\\controllers\\student.ts": {"path":"C:\\Users\\Pinha-Empresa\\Documents\\GitHub\\Desafio_Agendamento_DeAulas\\src\\controllers\\student.ts","statementMap":{"0":{"start":{"line":2,"column":0},"end":{"line":2,"column":49}},"1":{"start":{"line":3,"column":0},"end":{"line":3,"column":48}},"2":{"start":{"line":4,"column":0},"end":{"line":4,"column":32}},"3":{"start":{"line":7,"column":30},"end":{"line":23,"column":2}},"4":{"start":{"line":11,"column":4},"end":{"line":23,"column":2}},"5":{"start":{"line":12,"column":27},"end":{"line":12,"column":54}},"6":{"start":{"line":14,"column":2},"end":{"line":20,"column":null}},"7":{"start":{"line":15,"column":4},"end":{"line":19,"column":6}},"8":{"start":{"line":22,"column":2},"end":{"line":22,"column":56}},"9":{"start":{"line":7,"column":13},"end":{"line":7,"column":30}},"10":{"start":{"line":26,"column":32},"end":{"line":53,"column":2}},"11":{"start":{"line":30,"column":4},"end":{"line":53,"column":2}},"12":{"start":{"line":31,"column":28},"end":{"line":31,"column":38}},"13":{"start":{"line":33,"column":2},"end":{"line":38,"column":null}},"14":{"start":{"line":34,"column":4},"end":{"line":36,"column":52}},"15":{"start":{"line":37,"column":4},"end":{"line":37,"column":16}},"16":{"start":{"line":40,"column":18},"end":{"line":42,"column":4}},"17":{"start":{"line":44,"column":2},"end":{"line":50,"column":null}},"18":{"start":{"line":45,"column":4},"end":{"line":49,"column":6}},"19":{"start":{"line":52,"column":2},"end":{"line":52,"column":47}},"20":{"start":{"line":26,"column":13},"end":{"line":26,"column":32}},"21":{"start":{"line":56,"column":29},"end":{"line":82,"column":2}},"22":{"start":{"line":60,"column":4},"end":{"line":82,"column":2}},"23":{"start":{"line":61,"column":36},"end":{"line":61,"column":44}},"24":{"start":{"line":63,"column":2},"end":{"line":67,"column":null}},"25":{"start":{"line":64,"column":4},"end":{"line":66,"column":6}},"26":{"start":{"line":69,"column":29},"end":{"line":69,"column":66}},"27":{"start":{"line":70,"column":2},"end":{"line":74,"column":null}},"28":{"start":{"line":71,"column":4},"end":{"line":73,"column":6}},"29":{"start":{"line":75,"column":26},"end":{"line":80,"column":4}},"30":{"start":{"line":81,"column":2},"end":{"line":81,"column":60}},"31":{"start":{"line":56,"column":13},"end":{"line":56,"column":29}},"32":{"start":{"line":85,"column":29},"end":{"line":114,"column":2}},"33":{"start":{"line":89,"column":4},"end":{"line":114,"column":2}},"34":{"start":{"line":90,"column":28},"end":{"line":90,"column":38}},"35":{"start":{"line":92,"column":16},"end":{"line":92,"column":62}},"36":{"start":{"line":94,"column":2},"end":{"line":100,"column":null}},"37":{"start":{"line":95,"column":4},"end":{"line":99,"column":6}},"38":{"start":{"line":102,"column":2},"end":{"line":111,"column":4}},"39":{"start":{"line":113,"column":2},"end":{"line":113,"column":47}},"40":{"start":{"line":85,"column":13},"end":{"line":85,"column":29}},"41":{"start":{"line":117,"column":29},"end":{"line":132,"column":2}},"42":{"start":{"line":121,"column":4},"end":{"line":132,"column":2}},"43":{"start":{"line":122,"column":28},"end":{"line":122,"column":38}},"44":{"start":{"line":123,"column":26},"end":{"line":123,"column":73}},"45":{"start":{"line":124,"column":2},"end":{"line":130,"column":null}},"46":{"start":{"line":125,"column":4},"end":{"line":129,"column":6}},"47":{"start":{"line":131,"column":2},"end":{"line":131,"column":46}},"48":{"start":{"line":117,"column":13},"end":{"line":117,"column":29}}},"fnMap":{"0":{"name":"(anonymous_8)","decl":{"start":{"line":7,"column":30},"end":{"line":7,"column":null}},"loc":{"start":{"line":11,"column":4},"end":{"line":23,"column":2}}},"1":{"name":"(anonymous_9)","decl":{"start":{"line":11,"column":4},"end":{"line":11,"column":null}},"loc":{"start":{"line":11,"column":4},"end":{"line":23,"column":1}}},"2":{"name":"(anonymous_10)","decl":{"start":{"line":26,"column":32},"end":{"line":26,"column":null}},"loc":{"start":{"line":30,"column":4},"end":{"line":53,"column":2}}},"3":{"name":"(anonymous_11)","decl":{"start":{"line":30,"column":4},"end":{"line":30,"column":null}},"loc":{"start":{"line":30,"column":4},"end":{"line":53,"column":1}}},"4":{"name":"(anonymous_12)","decl":{"start":{"line":56,"column":29},"end":{"line":56,"column":null}},"loc":{"start":{"line":60,"column":4},"end":{"line":82,"column":2}}},"5":{"name":"(anonymous_13)","decl":{"start":{"line":60,"column":4},"end":{"line":60,"column":null}},"loc":{"start":{"line":60,"column":4},"end":{"line":82,"column":1}}},"6":{"name":"(anonymous_14)","decl":{"start":{"line":85,"column":29},"end":{"line":85,"column":null}},"loc":{"start":{"line":89,"column":4},"end":{"line":114,"column":2}}},"7":{"name":"(anonymous_15)","decl":{"start":{"line":89,"column":4},"end":{"line":89,"column":null}},"loc":{"start":{"line":89,"column":4},"end":{"line":114,"column":1}}},"8":{"name":"(anonymous_16)","decl":{"start":{"line":117,"column":29},"end":{"line":117,"column":null}},"loc":{"start":{"line":121,"column":4},"end":{"line":132,"column":2}}},"9":{"name":"(anonymous_17)","decl":{"start":{"line":121,"column":4},"end":{"line":121,"column":null}},"loc":{"start":{"line":121,"column":4},"end":{"line":132,"column":1}}}},"branchMap":{"0":{"loc":{"start":{"line":14,"column":2},"end":{"line":20,"column":null}},"type":"if","locations":[{"start":{"line":14,"column":2},"end":{"line":20,"column":null}}]},"1":{"loc":{"start":{"line":33,"column":2},"end":{"line":38,"column":null}},"type":"if","locations":[{"start":{"line":33,"column":2},"end":{"line":38,"column":null}}]},"2":{"loc":{"start":{"line":44,"column":2},"end":{"line":50,"column":null}},"type":"if","locations":[{"start":{"line":44,"column":2},"end":{"line":50,"column":null}}]},"3":{"loc":{"start":{"line":63,"column":2},"end":{"line":67,"column":null}},"type":"if","locations":[{"start":{"line":63,"column":2},"end":{"line":67,"column":null}}]},"4":{"loc":{"start":{"line":63,"column":6},"end":{"line":63,"column":34}},"type":"binary-expr","locations":[{"start":{"line":63,"column":6},"end":{"line":63,"column":11}},{"start":{"line":63,"column":15},"end":{"line":63,"column":21}},{"start":{"line":63,"column":25},"end":{"line":63,"column":34}}]},"5":{"loc":{"start":{"line":70,"column":2},"end":{"line":74,"column":null}},"type":"if","locations":[{"start":{"line":70,"column":2},"end":{"line":74,"column":null}}]},"6":{"loc":{"start":{"line":94,"column":2},"end":{"line":100,"column":null}},"type":"if","locations":[{"start":{"line":94,"column":2},"end":{"line":100,"column":null}}]},"7":{"loc":{"start":{"line":124,"column":2},"end":{"line":130,"column":null}},"type":"if","locations":[{"start":{"line":124,"column":2},"end":{"line":130,"column":null}}]}},"s":{"0":1,"1":1,"2":1,"3":1,"4":2,"5":2,"6":2,"7":1,"8":1,"9":1,"10":1,"11":3,"12":3,"13":3,"14":1,"15":1,"16":2,"17":2,"18":1,"19":1,"20":1,"21":1,"22":3,"23":3,"24":3,"25":1,"26":2,"27":2,"28":1,"29":1,"30":1,"31":1,"32":1,"33":3,"34":3,"35":3,"36":3,"37":1,"38":2,"39":2,"40":1,"41":1,"42":2,"43":2,"44":2,"45":2,"46":1,"47":1,"48":1},"f":{"0":2,"1":2,"2":3,"3":3,"4":3,"5":3,"6":3,"7":3,"8":2,"9":2},"b":{"0":[1],"1":[1],"2":[1],"3":[1],"4":[3,2,2],"5":[1],"6":[1],"7":[1]}}
}
