TN:
SF:src\controllers\instructor.ts
FN:7,(anonymous_8)
FN:11,(anonymous_9)
FN:26,(anonymous_10)
FN:30,(anonymous_11)
FN:56,(anonymous_12)
FN:60,(anonymous_13)
FN:87,(anonymous_14)
FN:91,(anonymous_15)
FN:118,(anonymous_16)
FN:122,(anonymous_17)
FNF:10
FNH:10
FNDA:2,(anonymous_8)
FNDA:2,(anonymous_9)
FNDA:3,(anonymous_10)
FNDA:3,(anonymous_11)
FNDA:3,(anonymous_12)
FNDA:3,(anonymous_13)
FNDA:3,(anonymous_14)
FNDA:3,(anonymous_15)
FNDA:2,(anonymous_16)
FNDA:2,(anonymous_17)
DA:2,1
DA:3,1
DA:4,1
DA:7,1
DA:11,2
DA:12,2
DA:14,2
DA:15,1
DA:22,1
DA:26,1
DA:30,3
DA:31,3
DA:33,3
DA:34,1
DA:37,1
DA:40,2
DA:44,2
DA:45,1
DA:52,1
DA:56,1
DA:60,3
DA:61,3
DA:63,3
DA:64,1
DA:69,2
DA:70,2
DA:71,1
DA:75,1
DA:83,1
DA:87,1
DA:91,3
DA:92,3
DA:94,3
DA:95,3
DA:96,1
DA:103,2
DA:114,2
DA:118,1
DA:122,2
DA:123,2
DA:124,2
DA:125,2
DA:126,1
DA:132,1
LF:44
LH:44
BRDA:14,0,0,1
BRDA:33,1,0,1
BRDA:44,2,0,1
BRDA:63,3,0,1
BRDA:63,4,0,3
BRDA:63,4,1,2
BRDA:63,4,2,2
BRDA:63,4,3,2
BRDA:63,4,4,2
BRDA:70,5,0,1
BRDA:95,6,0,1
BRDA:125,7,0,1
BRF:12
BRH:12
end_of_record
TN:
SF:src\controllers\main.ts
FN:13,loginStudent
FN:44,loginInstructor
FNF:2
FNH:0
FNDA:0,loginStudent
FNDA:0,loginInstructor
DA:1,0
DA:3,0
DA:4,0
DA:5,0
DA:8,0
DA:14,0
DA:16,0
DA:17,0
DA:20,0
DA:22,0
DA:23,0
DA:26,0
DA:28,0
DA:29,0
DA:32,0
DA:33,0
DA:34,0
DA:36,0
DA:40,0
DA:45,0
DA:47,0
DA:48,0
DA:51,0
DA:53,0
DA:54,0
DA:57,0
DA:59,0
DA:60,0
DA:63,0
DA:64,0
DA:65,0
DA:67,0
DA:69,0
DA:74,0
LF:34
LH:0
BRDA:8,0,0,0
BRDA:8,0,1,0
BRDA:16,1,0,0
BRDA:16,2,0,0
BRDA:16,2,1,0
BRDA:22,3,0,0
BRDA:28,4,0,0
BRDA:47,5,0,0
BRDA:47,6,0,0
BRDA:47,6,1,0
BRDA:53,7,0,0
BRDA:59,8,0,0
BRF:12
BRH:0
end_of_record
TN:
SF:src\controllers\scheduling.ts
FN:7,verifyHours
FN:9,(anonymous_8)
FN:18,verifysubject
FN:20,(anonymous_10)
FN:29,createBufferFromString
FN:33,createSchedule
FN:61,updateSchedule
FN:82,deleteSchedule
FNF:8
FNH:0
FNDA:0,verifyHours
FNDA:0,(anonymous_8)
FNDA:0,verifysubject
FNDA:0,(anonymous_10)
FNDA:0,createBufferFromString
FNDA:0,createSchedule
FNDA:0,updateSchedule
FNDA:0,deleteSchedule
DA:1,0
DA:2,0
DA:3,0
DA:5,0
DA:8,0
DA:9,0
DA:10,0
DA:11,0
DA:13,0
DA:15,0
DA:19,0
DA:20,0
DA:21,0
DA:22,0
DA:24,0
DA:26,0
DA:30,0
DA:34,0
DA:35,0
DA:39,0
DA:40,0
DA:41,0
DA:45,0
DA:47,0
DA:51,0
DA:52,0
DA:54,0
DA:55,0
DA:62,0
DA:64,0
DA:71,0
DA:72,0
DA:75,0
DA:77,0
DA:83,0
DA:84,0
DA:86,0
DA:87,0
DA:90,0
DA:93,0
DA:96,0
LF:41
LH:0
BRDA:10,0,0,0
BRDA:21,1,0,0
BRDA:39,2,0,0
BRDA:47,3,0,0
BRDA:47,3,1,0
BRDA:48,4,0,0
BRDA:48,4,1,0
BRDA:71,5,0,0
BRDA:86,6,0,0
BRF:9
BRH:0
end_of_record
TN:
SF:src\controllers\student.ts
FN:7,(anonymous_8)
FN:11,(anonymous_9)
FN:26,(anonymous_10)
FN:30,(anonymous_11)
FN:56,(anonymous_12)
FN:60,(anonymous_13)
FN:85,(anonymous_14)
FN:89,(anonymous_15)
FN:117,(anonymous_16)
FN:121,(anonymous_17)
FNF:10
FNH:10
FNDA:2,(anonymous_8)
FNDA:2,(anonymous_9)
FNDA:3,(anonymous_10)
FNDA:3,(anonymous_11)
FNDA:3,(anonymous_12)
FNDA:3,(anonymous_13)
FNDA:3,(anonymous_14)
FNDA:3,(anonymous_15)
FNDA:2,(anonymous_16)
FNDA:2,(anonymous_17)
DA:2,1
DA:3,1
DA:4,1
DA:7,1
DA:11,2
DA:12,2
DA:14,2
DA:15,1
DA:22,1
DA:26,1
DA:30,3
DA:31,3
DA:33,3
DA:34,1
DA:37,1
DA:40,2
DA:44,2
DA:45,1
DA:52,1
DA:56,1
DA:60,3
DA:61,3
DA:63,3
DA:64,1
DA:69,2
DA:70,2
DA:71,1
DA:75,1
DA:81,1
DA:85,1
DA:89,3
DA:90,3
DA:92,3
DA:94,3
DA:95,1
DA:102,2
DA:113,2
DA:117,1
DA:121,2
DA:122,2
DA:123,2
DA:124,2
DA:125,1
DA:131,1
LF:44
LH:44
BRDA:14,0,0,1
BRDA:33,1,0,1
BRDA:44,2,0,1
BRDA:63,3,0,1
BRDA:63,4,0,3
BRDA:63,4,1,2
BRDA:63,4,2,2
BRDA:70,5,0,1
BRDA:94,6,0,1
BRDA:124,7,0,1
BRF:10
BRH:10
end_of_record
